
*** Running vivado
    with args -log top.vds -m64 -product Vivado -mode batch -messageDb vivado.pb -notrace -source top.tcl


ECHO is off.
ECHO is off.

****** Vivado v2023.2.2 (64-bit)
  **** SW Build 4126759 on Thu Feb  8 23:53:51 MST 2024
  **** IP Build 4126054 on Fri Feb  9 11:39:09 MST 2024
  **** SharedData Build 4115275 on Tue Jan 30 00:40:57 MST 2024
    ** Copyright 1986-2022 Xilinx, Inc. All Rights Reserved.
    ** Copyright 2022-2024 Advanced Micro Devices, Inc. All Rights Reserved.

source top.tcl -notrace
Command: read_checkpoint -auto_incremental -incremental C:/Users/eren1/VivadoProjects/project_04_burak_uart_rx_02/project_04_burak_uart_rx_02.srcs/utils_1/imports/synth_1/top.dcp
INFO: [Vivado 12-5825] Read reference checkpoint from C:/Users/eren1/VivadoProjects/project_04_burak_uart_rx_02/project_04_burak_uart_rx_02.srcs/utils_1/imports/synth_1/top.dcp for incremental synthesis
INFO: [Vivado 12-7989] Please ensure there are no constraint changes
Command: synth_design -top top -part xc7a100tcsg324-1
Starting synth_design
Attempting to get a license for feature 'Synthesis' and/or device 'xc7a100t'
INFO: [Common 17-349] Got license for feature 'Synthesis' and/or device 'xc7a100t'
INFO: [Device 21-403] Loading part xc7a100tcsg324-1
INFO: [Designutils 20-5440] No compile time benefit to using incremental synthesis; A full resynthesis will be run
INFO: [Designutils 20-4379] Flow is switching to default flow due to incremental criteria not met. If you would like to alter this behaviour and have the flow terminate instead, please set the following parameter config_implementation {autoIncr.Synth.RejectBehavior Terminate}
INFO: [Synth 8-7079] Multithreading enabled for synth_design using a maximum of 2 processes.
INFO: [Synth 8-7078] Launching helper process for spawning children vivado processes
INFO: [Synth 8-7075] Helper process launched with PID 12820
---------------------------------------------------------------------------------
Starting RTL Elaboration : Time (s): cpu = 00:00:01 ; elapsed = 00:00:03 . Memory (MB): peak = 1349.969 ; gain = 440.645
---------------------------------------------------------------------------------
INFO: [Synth 8-638] synthesizing module 'top' [C:/Users/eren1/VivadoProjects/project_04_burak_uart_rx_02/project_04_burak_uart_rx_02.srcs/sources_1/new/top.vhd:28]
	Parameter c_clkfreq bound to: 100000000 - type: integer 
	Parameter c_baudrate bound to: 115200 - type: integer 
INFO: [Synth 8-3491] module 'uart_rx' declared at 'C:/Users/eren1/VivadoProjects/project_04_burak_uart_rx_02/project_04_burak_uart_rx_02.srcs/sources_1/new/uart_rx.vhd:5' bound to instance 'i_uart_rx' of component 'uart_rx' [C:/Users/eren1/VivadoProjects/project_04_burak_uart_rx_02/project_04_burak_uart_rx_02.srcs/sources_1/new/top.vhd:144]
INFO: [Synth 8-638] synthesizing module 'uart_rx' [C:/Users/eren1/VivadoProjects/project_04_burak_uart_rx_02/project_04_burak_uart_rx_02.srcs/sources_1/new/uart_rx.vhd:20]
	Parameter c_clkfreq bound to: 100000000 - type: integer 
	Parameter c_baudrate bound to: 115200 - type: integer 
INFO: [Synth 8-256] done synthesizing module 'uart_rx' (0#1) [C:/Users/eren1/VivadoProjects/project_04_burak_uart_rx_02/project_04_burak_uart_rx_02.srcs/sources_1/new/uart_rx.vhd:20]
	Parameter c_clkfreq bound to: 100000000 - type: integer 
	Parameter c_pwmfreq bound to: 10000 - type: integer 
INFO: [Synth 8-3491] module 'pwm' declared at 'C:/Users/eren1/VivadoProjects/project_04_burak_uart_rx_02/project_04_burak_uart_rx_02.srcs/sources_1/new/pwm.vhd:6' bound to instance 'i_pwm_ld17' of component 'pwm' [C:/Users/eren1/VivadoProjects/project_04_burak_uart_rx_02/project_04_burak_uart_rx_02.srcs/sources_1/new/top.vhd:158]
INFO: [Synth 8-638] synthesizing module 'pwm' [C:/Users/eren1/VivadoProjects/project_04_burak_uart_rx_02/project_04_burak_uart_rx_02.srcs/sources_1/new/pwm.vhd:20]
	Parameter c_clkfreq bound to: 100000000 - type: integer 
	Parameter c_pwmfreq bound to: 10000 - type: integer 
INFO: [Synth 8-256] done synthesizing module 'pwm' (0#1) [C:/Users/eren1/VivadoProjects/project_04_burak_uart_rx_02/project_04_burak_uart_rx_02.srcs/sources_1/new/pwm.vhd:20]
	Parameter c_clkfreq bound to: 100000000 - type: integer 
	Parameter c_pwmfreq bound to: 10000 - type: integer 
INFO: [Synth 8-3491] module 'pwm' declared at 'C:/Users/eren1/VivadoProjects/project_04_burak_uart_rx_02/project_04_burak_uart_rx_02.srcs/sources_1/new/pwm.vhd:6' bound to instance 'i_pwm_ld16' of component 'pwm' [C:/Users/eren1/VivadoProjects/project_04_burak_uart_rx_02/project_04_burak_uart_rx_02.srcs/sources_1/new/top.vhd:171]
	Parameter c_clkfreq bound to: 100000000 - type: integer 
	Parameter c_debtime bound to: 1000 - type: integer 
	Parameter c_initval bound to: 1'b0 
INFO: [Synth 8-3491] module 'debounce' declared at 'C:/Users/eren1/VivadoProjects/project_04_burak_uart_rx_02/project_04_burak_uart_rx_02.srcs/sources_1/new/debounce.vhd:4' bound to instance 'i_start_deb' of component 'debounce' [C:/Users/eren1/VivadoProjects/project_04_burak_uart_rx_02/project_04_burak_uart_rx_02.srcs/sources_1/new/top.vhd:186]
INFO: [Synth 8-638] synthesizing module 'debounce' [C:/Users/eren1/VivadoProjects/project_04_burak_uart_rx_02/project_04_burak_uart_rx_02.srcs/sources_1/new/debounce.vhd:19]
	Parameter c_clkfreq bound to: 100000000 - type: integer 
	Parameter c_debtime bound to: 1000 - type: integer 
	Parameter c_initval bound to: 1'b0 
INFO: [Synth 8-256] done synthesizing module 'debounce' (0#1) [C:/Users/eren1/VivadoProjects/project_04_burak_uart_rx_02/project_04_burak_uart_rx_02.srcs/sources_1/new/debounce.vhd:19]
	Parameter c_clkfreq bound to: 100000000 - type: integer 
	Parameter c_debtime bound to: 1000 - type: integer 
	Parameter c_initval bound to: 1'b0 
INFO: [Synth 8-3491] module 'debounce' declared at 'C:/Users/eren1/VivadoProjects/project_04_burak_uart_rx_02/project_04_burak_uart_rx_02.srcs/sources_1/new/debounce.vhd:4' bound to instance 'i_reset_deb' of component 'debounce' [C:/Users/eren1/VivadoProjects/project_04_burak_uart_rx_02/project_04_burak_uart_rx_02.srcs/sources_1/new/top.vhd:200]
	Parameter c_birlerlim bound to: 9 - type: integer 
	Parameter c_onlarlim bound to: 9 - type: integer 
INFO: [Synth 8-3491] module 'bcd_incrementor' declared at 'C:/Users/eren1/VivadoProjects/project_04_burak_uart_rx_02/project_04_burak_uart_rx_02.srcs/sources_1/new/bcd_incrementor.vhd:6' bound to instance 'i_salise_bcd_increment' of component 'bcd_incrementor' [C:/Users/eren1/VivadoProjects/project_04_burak_uart_rx_02/project_04_burak_uart_rx_02.srcs/sources_1/new/top.vhd:217]
INFO: [Synth 8-638] synthesizing module 'bcd_incrementor' [C:/Users/eren1/VivadoProjects/project_04_burak_uart_rx_02/project_04_burak_uart_rx_02.srcs/sources_1/new/bcd_incrementor.vhd:22]
	Parameter c_birlerlim bound to: 9 - type: integer 
	Parameter c_onlarlim bound to: 9 - type: integer 
INFO: [Synth 8-256] done synthesizing module 'bcd_incrementor' (0#1) [C:/Users/eren1/VivadoProjects/project_04_burak_uart_rx_02/project_04_burak_uart_rx_02.srcs/sources_1/new/bcd_incrementor.vhd:22]
	Parameter c_birlerlim bound to: 9 - type: integer 
	Parameter c_onlarlim bound to: 5 - type: integer 
INFO: [Synth 8-3491] module 'bcd_incrementor' declared at 'C:/Users/eren1/VivadoProjects/project_04_burak_uart_rx_02/project_04_burak_uart_rx_02.srcs/sources_1/new/bcd_incrementor.vhd:6' bound to instance 'i_saniye_bcd_increment' of component 'bcd_incrementor' [C:/Users/eren1/VivadoProjects/project_04_burak_uart_rx_02/project_04_burak_uart_rx_02.srcs/sources_1/new/top.vhd:232]
INFO: [Synth 8-638] synthesizing module 'bcd_incrementor__parameterized1' [C:/Users/eren1/VivadoProjects/project_04_burak_uart_rx_02/project_04_burak_uart_rx_02.srcs/sources_1/new/bcd_incrementor.vhd:22]
	Parameter c_birlerlim bound to: 9 - type: integer 
	Parameter c_onlarlim bound to: 5 - type: integer 
INFO: [Synth 8-256] done synthesizing module 'bcd_incrementor__parameterized1' (0#1) [C:/Users/eren1/VivadoProjects/project_04_burak_uart_rx_02/project_04_burak_uart_rx_02.srcs/sources_1/new/bcd_incrementor.vhd:22]
	Parameter c_birlerlim bound to: 9 - type: integer 
	Parameter c_onlarlim bound to: 5 - type: integer 
INFO: [Synth 8-3491] module 'bcd_incrementor' declared at 'C:/Users/eren1/VivadoProjects/project_04_burak_uart_rx_02/project_04_burak_uart_rx_02.srcs/sources_1/new/bcd_incrementor.vhd:6' bound to instance 'i_dakika_bcd_increment' of component 'bcd_incrementor' [C:/Users/eren1/VivadoProjects/project_04_burak_uart_rx_02/project_04_burak_uart_rx_02.srcs/sources_1/new/top.vhd:247]
INFO: [Synth 8-3491] module 'bcd_to_sevenseg' declared at 'C:/Users/eren1/VivadoProjects/project_04_burak_uart_rx_02/project_04_burak_uart_rx_02.srcs/sources_1/new/bcd_to_sevenseg.vhd:4' bound to instance 'i_salise_birler_sevensegment' of component 'bcd_to_sevenseg' [C:/Users/eren1/VivadoProjects/project_04_burak_uart_rx_02/project_04_burak_uart_rx_02.srcs/sources_1/new/top.vhd:265]
INFO: [Synth 8-638] synthesizing module 'bcd_to_sevenseg' [C:/Users/eren1/VivadoProjects/project_04_burak_uart_rx_02/project_04_burak_uart_rx_02.srcs/sources_1/new/bcd_to_sevenseg.vhd:12]
INFO: [Synth 8-256] done synthesizing module 'bcd_to_sevenseg' (0#1) [C:/Users/eren1/VivadoProjects/project_04_burak_uart_rx_02/project_04_burak_uart_rx_02.srcs/sources_1/new/bcd_to_sevenseg.vhd:12]
INFO: [Synth 8-3491] module 'bcd_to_sevenseg' declared at 'C:/Users/eren1/VivadoProjects/project_04_burak_uart_rx_02/project_04_burak_uart_rx_02.srcs/sources_1/new/bcd_to_sevenseg.vhd:4' bound to instance 'i_salise_onlar_sevensegment' of component 'bcd_to_sevenseg' [C:/Users/eren1/VivadoProjects/project_04_burak_uart_rx_02/project_04_burak_uart_rx_02.srcs/sources_1/new/top.vhd:272]
INFO: [Synth 8-3491] module 'bcd_to_sevenseg' declared at 'C:/Users/eren1/VivadoProjects/project_04_burak_uart_rx_02/project_04_burak_uart_rx_02.srcs/sources_1/new/bcd_to_sevenseg.vhd:4' bound to instance 'i_saniye_birler_sevensegment' of component 'bcd_to_sevenseg' [C:/Users/eren1/VivadoProjects/project_04_burak_uart_rx_02/project_04_burak_uart_rx_02.srcs/sources_1/new/top.vhd:279]
INFO: [Synth 8-3491] module 'bcd_to_sevenseg' declared at 'C:/Users/eren1/VivadoProjects/project_04_burak_uart_rx_02/project_04_burak_uart_rx_02.srcs/sources_1/new/bcd_to_sevenseg.vhd:4' bound to instance 'i_saniye_onlar_sevensegment' of component 'bcd_to_sevenseg' [C:/Users/eren1/VivadoProjects/project_04_burak_uart_rx_02/project_04_burak_uart_rx_02.srcs/sources_1/new/top.vhd:286]
INFO: [Synth 8-3491] module 'bcd_to_sevenseg' declared at 'C:/Users/eren1/VivadoProjects/project_04_burak_uart_rx_02/project_04_burak_uart_rx_02.srcs/sources_1/new/bcd_to_sevenseg.vhd:4' bound to instance 'i_dakika_birler_sevensegment' of component 'bcd_to_sevenseg' [C:/Users/eren1/VivadoProjects/project_04_burak_uart_rx_02/project_04_burak_uart_rx_02.srcs/sources_1/new/top.vhd:293]
INFO: [Synth 8-3491] module 'bcd_to_sevenseg' declared at 'C:/Users/eren1/VivadoProjects/project_04_burak_uart_rx_02/project_04_burak_uart_rx_02.srcs/sources_1/new/bcd_to_sevenseg.vhd:4' bound to instance 'i_dakika_onlar_sevensegment' of component 'bcd_to_sevenseg' [C:/Users/eren1/VivadoProjects/project_04_burak_uart_rx_02/project_04_burak_uart_rx_02.srcs/sources_1/new/top.vhd:300]
INFO: [Synth 8-256] done synthesizing module 'top' (0#1) [C:/Users/eren1/VivadoProjects/project_04_burak_uart_rx_02/project_04_burak_uart_rx_02.srcs/sources_1/new/top.vhd:28]
WARNING: [Synth 8-7129] Port led_color_i[5] in module top is either unconnected or has no load
WARNING: [Synth 8-7129] Port led_color_i[4] in module top is either unconnected or has no load
WARNING: [Synth 8-7129] Port led_color_i[3] in module top is either unconnected or has no load
WARNING: [Synth 8-7129] Port led_color_i[2] in module top is either unconnected or has no load
WARNING: [Synth 8-7129] Port led_color_i[1] in module top is either unconnected or has no load
WARNING: [Synth 8-7129] Port led_color_i[0] in module top is either unconnected or has no load
---------------------------------------------------------------------------------
Finished RTL Elaboration : Time (s): cpu = 00:00:02 ; elapsed = 00:00:04 . Memory (MB): peak = 1461.754 ; gain = 552.430
---------------------------------------------------------------------------------
---------------------------------------------------------------------------------
Start Handling Custom Attributes
---------------------------------------------------------------------------------
---------------------------------------------------------------------------------
Finished Handling Custom Attributes : Time (s): cpu = 00:00:02 ; elapsed = 00:00:04 . Memory (MB): peak = 1461.754 ; gain = 552.430
---------------------------------------------------------------------------------
---------------------------------------------------------------------------------
Finished RTL Optimization Phase 1 : Time (s): cpu = 00:00:02 ; elapsed = 00:00:04 . Memory (MB): peak = 1461.754 ; gain = 552.430
---------------------------------------------------------------------------------
Netlist sorting complete. Time (s): cpu = 00:00:00 ; elapsed = 00:00:00.004 . Memory (MB): peak = 1461.754 ; gain = 0.000
INFO: [Project 1-570] Preparing netlist for logic optimization

Processing XDC Constraints
Initializing timing engine
Parsing XDC File [C:/Users/eren1/VivadoProjects/project_04_burak_uart_rx_02/project_04_burak_uart_rx_02.srcs/constrs_1/new/Nexys4-DDR-Master.xdc]
Finished Parsing XDC File [C:/Users/eren1/VivadoProjects/project_04_burak_uart_rx_02/project_04_burak_uart_rx_02.srcs/constrs_1/new/Nexys4-DDR-Master.xdc]
INFO: [Project 1-236] Implementation specific constraints were found while reading constraint file [C:/Users/eren1/VivadoProjects/project_04_burak_uart_rx_02/project_04_burak_uart_rx_02.srcs/constrs_1/new/Nexys4-DDR-Master.xdc]. These constraints will be ignored for synthesis but will be used in implementation. Impacted constraints are listed in the file [.Xil/top_propImpl.xdc].
Resolution: To avoid this warning, move constraints listed in [.Xil/top_propImpl.xdc] to another XDC file and exclude this new file from synthesis with the used_in_synthesis property (File Properties dialog in GUI) and re-run elaboration/synthesis.
Completed Processing XDC Constraints

Netlist sorting complete. Time (s): cpu = 00:00:00 ; elapsed = 00:00:00 . Memory (MB): peak = 1569.707 ; gain = 0.000
INFO: [Project 1-111] Unisim Transformation Summary:
No Unisim elements were transformed.

Sistem belirtilen yolu bulamçyor.
Constraint Validation Runtime : Time (s): cpu = 00:00:00 ; elapsed = 00:00:00.002 . Memory (MB): peak = 1569.707 ; gain = 0.000
INFO: [Designutils 20-5440] No compile time benefit to using incremental synthesis; A full resynthesis will be run
INFO: [Designutils 20-4379] Flow is switching to default flow due to incremental criteria not met. If you would like to alter this behaviour and have the flow terminate instead, please set the following parameter config_implementation {autoIncr.Synth.RejectBehavior Terminate}
---------------------------------------------------------------------------------
Finished Constraint Validation : Time (s): cpu = 00:00:05 ; elapsed = 00:00:09 . Memory (MB): peak = 1569.707 ; gain = 660.383
---------------------------------------------------------------------------------
---------------------------------------------------------------------------------
Start Loading Part and Timing Information
---------------------------------------------------------------------------------
Loading part: xc7a100tcsg324-1
---------------------------------------------------------------------------------
Finished Loading Part and Timing Information : Time (s): cpu = 00:00:05 ; elapsed = 00:00:09 . Memory (MB): peak = 1569.707 ; gain = 660.383
---------------------------------------------------------------------------------
---------------------------------------------------------------------------------
Start Applying 'set_property' XDC Constraints
---------------------------------------------------------------------------------
---------------------------------------------------------------------------------
Finished applying 'set_property' XDC Constraints : Time (s): cpu = 00:00:05 ; elapsed = 00:00:09 . Memory (MB): peak = 1569.707 ; gain = 660.383
---------------------------------------------------------------------------------
INFO: [Synth 8-802] inferred FSM for state register 'state_reg' in module 'uart_rx'
INFO: [Synth 8-802] inferred FSM for state register 'state_reg' in module 'debounce'
---------------------------------------------------------------------------------------------------
                   State |                     New Encoding |                Previous Encoding 
---------------------------------------------------------------------------------------------------
                  s_idle |                               00 |                               00
                 s_start |                               01 |                               01
                  s_data |                               10 |                               10
                  s_stop |                               11 |                               11
---------------------------------------------------------------------------------------------------
INFO: [Synth 8-3354] encoded FSM with state register 'state_reg' using encoding 'sequential' in module 'uart_rx'
---------------------------------------------------------------------------------------------------
                   State |                     New Encoding |                Previous Encoding 
---------------------------------------------------------------------------------------------------
               s_initial |                              000 |                              000
                  s_zero |                              001 |                              001
             s_zerotoone |                              010 |                              010
                   s_one |                              011 |                              011
             s_onetozero |                              100 |                              100
---------------------------------------------------------------------------------------------------
INFO: [Synth 8-3354] encoded FSM with state register 'state_reg' using encoding 'sequential' in module 'debounce'
---------------------------------------------------------------------------------
Finished RTL Optimization Phase 2 : Time (s): cpu = 00:00:05 ; elapsed = 00:00:10 . Memory (MB): peak = 1569.707 ; gain = 660.383
---------------------------------------------------------------------------------
---------------------------------------------------------------------------------
Start RTL Component Statistics 
---------------------------------------------------------------------------------
Detailed RTL Component Info : 
+---Adders : 
	   2 Input   21 Bit       Adders := 1     
	   2 Input   20 Bit       Adders := 1     
	   2 Input   17 Bit       Adders := 1     
	   2 Input   14 Bit       Adders := 2     
	   2 Input   11 Bit       Adders := 1     
	   2 Input    7 Bit       Adders := 5     
	   2 Input    6 Bit       Adders := 1     
	   2 Input    4 Bit       Adders := 6     
	   2 Input    3 Bit       Adders := 1     
+---Registers : 
	               21 Bit    Registers := 1     
	               20 Bit    Registers := 1     
	               17 Bit    Registers := 1     
	               16 Bit    Registers := 1     
	               14 Bit    Registers := 2     
	               11 Bit    Registers := 1     
	                8 Bit    Registers := 3     
	                7 Bit    Registers := 3     
	                6 Bit    Registers := 2     
	                4 Bit    Registers := 6     
	                3 Bit    Registers := 1     
	                1 Bit    Registers := 14    
+---Muxes : 
	   2 Input   20 Bit        Muxes := 1     
	   5 Input   16 Bit        Muxes := 1     
	   4 Input   16 Bit        Muxes := 1     
	   2 Input   16 Bit        Muxes := 1     
	   2 Input   11 Bit        Muxes := 3     
	   4 Input   11 Bit        Muxes := 1     
	   2 Input    8 Bit        Muxes := 6     
	   2 Input    7 Bit        Muxes := 3     
	   5 Input    6 Bit        Muxes := 1     
	   4 Input    6 Bit        Muxes := 1     
	   2 Input    6 Bit        Muxes := 1     
	   2 Input    3 Bit        Muxes := 5     
	   5 Input    3 Bit        Muxes := 2     
	   4 Input    2 Bit        Muxes := 1     
	   2 Input    2 Bit        Muxes := 1     
	   2 Input    1 Bit        Muxes := 17    
	   3 Input    1 Bit        Muxes := 1     
	   4 Input    1 Bit        Muxes := 3     
	   5 Input    1 Bit        Muxes := 10    
---------------------------------------------------------------------------------
Finished RTL Component Statistics 
---------------------------------------------------------------------------------
---------------------------------------------------------------------------------
Start Part Resource Summary
---------------------------------------------------------------------------------
Part Resources:
DSPs: 240 (col length:80)
BRAMs: 270 (col length: RAMB18 80 RAMB36 40)
---------------------------------------------------------------------------------
Finished Part Resource Summary
---------------------------------------------------------------------------------
---------------------------------------------------------------------------------
Start Cross Boundary and Area Optimization
---------------------------------------------------------------------------------
WARNING: [Synth 8-7080] Parallel synthesis criteria is not met
WARNING: [Synth 8-7129] Port led_color_i[5] in module top is either unconnected or has no load
WARNING: [Synth 8-7129] Port led_color_i[4] in module top is either unconnected or has no load
WARNING: [Synth 8-7129] Port led_color_i[3] in module top is either unconnected or has no load
WARNING: [Synth 8-7129] Port led_color_i[2] in module top is either unconnected or has no load
WARNING: [Synth 8-7129] Port led_color_i[1] in module top is either unconnected or has no load
WARNING: [Synth 8-7129] Port led_color_i[0] in module top is either unconnected or has no load
---------------------------------------------------------------------------------
Finished Cross Boundary and Area Optimization : Time (s): cpu = 00:00:06 ; elapsed = 00:00:12 . Memory (MB): peak = 1569.707 ; gain = 660.383
---------------------------------------------------------------------------------
---------------------------------------------------------------------------------
Start Applying XDC Timing Constraints
---------------------------------------------------------------------------------
---------------------------------------------------------------------------------
Finished Applying XDC Timing Constraints : Time (s): cpu = 00:00:08 ; elapsed = 00:00:15 . Memory (MB): peak = 1569.707 ; gain = 660.383
---------------------------------------------------------------------------------
---------------------------------------------------------------------------------
Start Timing Optimization
---------------------------------------------------------------------------------
---------------------------------------------------------------------------------
Finished Timing Optimization : Time (s): cpu = 00:00:08 ; elapsed = 00:00:16 . Memory (MB): peak = 1569.707 ; gain = 660.383
---------------------------------------------------------------------------------
---------------------------------------------------------------------------------
Start Technology Mapping
---------------------------------------------------------------------------------
---------------------------------------------------------------------------------
Finished Technology Mapping : Time (s): cpu = 00:00:08 ; elapsed = 00:00:16 . Memory (MB): peak = 1569.707 ; gain = 660.383
---------------------------------------------------------------------------------
---------------------------------------------------------------------------------
Start IO Insertion
---------------------------------------------------------------------------------
---------------------------------------------------------------------------------
Start Flattening Before IO Insertion
---------------------------------------------------------------------------------
---------------------------------------------------------------------------------
Finished Flattening Before IO Insertion
---------------------------------------------------------------------------------
---------------------------------------------------------------------------------
Start Final Netlist Cleanup
---------------------------------------------------------------------------------
---------------------------------------------------------------------------------
Finished Final Netlist Cleanup
---------------------------------------------------------------------------------
---------------------------------------------------------------------------------
Finished IO Insertion : Time (s): cpu = 00:00:09 ; elapsed = 00:00:19 . Memory (MB): peak = 1569.707 ; gain = 660.383
---------------------------------------------------------------------------------
---------------------------------------------------------------------------------
Start Renaming Generated Instances
---------------------------------------------------------------------------------
---------------------------------------------------------------------------------
Finished Renaming Generated Instances : Time (s): cpu = 00:00:09 ; elapsed = 00:00:19 . Memory (MB): peak = 1569.707 ; gain = 660.383
---------------------------------------------------------------------------------
---------------------------------------------------------------------------------
Start Rebuilding User Hierarchy
---------------------------------------------------------------------------------
---------------------------------------------------------------------------------
Finished Rebuilding User Hierarchy : Time (s): cpu = 00:00:09 ; elapsed = 00:00:19 . Memory (MB): peak = 1569.707 ; gain = 660.383
---------------------------------------------------------------------------------
---------------------------------------------------------------------------------
Start Renaming Generated Ports
---------------------------------------------------------------------------------
---------------------------------------------------------------------------------
Finished Renaming Generated Ports : Time (s): cpu = 00:00:09 ; elapsed = 00:00:19 . Memory (MB): peak = 1569.707 ; gain = 660.383
---------------------------------------------------------------------------------
---------------------------------------------------------------------------------
Start Handling Custom Attributes
---------------------------------------------------------------------------------
---------------------------------------------------------------------------------
Finished Handling Custom Attributes : Time (s): cpu = 00:00:09 ; elapsed = 00:00:19 . Memory (MB): peak = 1569.707 ; gain = 660.383
---------------------------------------------------------------------------------
---------------------------------------------------------------------------------
Start Renaming Generated Nets
---------------------------------------------------------------------------------
---------------------------------------------------------------------------------
Finished Renaming Generated Nets : Time (s): cpu = 00:00:09 ; elapsed = 00:00:19 . Memory (MB): peak = 1569.707 ; gain = 660.383
---------------------------------------------------------------------------------
---------------------------------------------------------------------------------
Start Writing Synthesis Report
---------------------------------------------------------------------------------

Report BlackBoxes: 
+-+--------------+----------+
| |BlackBox name |Instances |
+-+--------------+----------+
+-+--------------+----------+

Report Cell Usage: 
+------+-------+------+
|      |Cell   |Count |
+------+-------+------+
|1     |BUFG   |     1|
|2     |CARRY4 |    44|
|3     |LUT1   |    17|
|4     |LUT2   |    54|
|5     |LUT3   |    27|
|6     |LUT4   |    76|
|7     |LUT5   |    42|
|8     |LUT6   |    98|
|9     |FDRE   |   238|
|10    |IBUF   |     4|
|11    |OBUF   |    38|
+------+-------+------+
---------------------------------------------------------------------------------
Finished Writing Synthesis Report : Time (s): cpu = 00:00:09 ; elapsed = 00:00:19 . Memory (MB): peak = 1569.707 ; gain = 660.383
---------------------------------------------------------------------------------
Synthesis finished with 0 errors, 0 critical warnings and 7 warnings.
Synthesis Optimization Runtime : Time (s): cpu = 00:00:07 ; elapsed = 00:00:17 . Memory (MB): peak = 1569.707 ; gain = 552.430
Synthesis Optimization Complete : Time (s): cpu = 00:00:09 ; elapsed = 00:00:19 . Memory (MB): peak = 1569.707 ; gain = 660.383
INFO: [Project 1-571] Translating synthesized netlist
Netlist sorting complete. Time (s): cpu = 00:00:00 ; elapsed = 00:00:00.004 . Memory (MB): peak = 1569.707 ; gain = 0.000
INFO: [Netlist 29-17] Analyzing 44 Unisim elements for replacement
INFO: [Netlist 29-28] Unisim Transformation completed in 0 CPU seconds
INFO: [Project 1-570] Preparing netlist for logic optimization
INFO: [Opt 31-138] Pushed 0 inverter(s) to 0 load pin(s).
Netlist sorting complete. Time (s): cpu = 00:00:00 ; elapsed = 00:00:00 . Memory (MB): peak = 1569.707 ; gain = 0.000
INFO: [Project 1-111] Unisim Transformation Summary:
No Unisim elements were transformed.

Sistem belirtilen yolu bulamçyor.
Synth Design complete | Checksum: 8ef6e25b
INFO: [Common 17-83] Releasing license: Synthesis
53 Infos, 13 Warnings, 0 Critical Warnings and 0 Errors encountered.
synth_design completed successfully
synth_design: Time (s): cpu = 00:00:10 ; elapsed = 00:00:22 . Memory (MB): peak = 1569.707 ; gain = 1069.898
Write ShapeDB Complete: Time (s): cpu = 00:00:00 ; elapsed = 00:00:00.002 . Memory (MB): peak = 1569.707 ; gain = 0.000
INFO: [Common 17-1381] The checkpoint 'C:/Users/eren1/VivadoProjects/project_04_burak_uart_rx_02/project_04_burak_uart_rx_02.runs/synth_1/top.dcp' has been generated.
INFO: [runtcl-4] Executing : report_utilization -file top_utilization_synth.rpt -pb top_utilization_synth.pb
INFO: [Common 17-206] Exiting Vivado at Fri May 17 12:58:40 2024...
